[INFO  - 2014-07-23T10:58:33.328Z] GhostDriver - Main - running on port 4615
[INFO  - 2014-07-23T10:58:33.749Z] Session [4a1771f0-1258-11e4-ac42-f75ba5987620] - page.settings - {"XSSAuditingEnabled":false,"javascriptCanCloseWindows":true,"javascriptCanOpenWindows":true,"javascriptEnabled":true,"loadImages":true,"localToRemoteUrlAccessEnabled":false,"userAgent":"Mozilla/5.0 (Unknown; Linux x86_64) AppleWebKit/534.34 (KHTML, like Gecko) PhantomJS/1.9.7 Safari/534.34","webSecurityEnabled":true}
[INFO  - 2014-07-23T10:58:33.749Z] Session [4a1771f0-1258-11e4-ac42-f75ba5987620] - page.customHeaders:  - {}
[INFO  - 2014-07-23T10:58:33.749Z] Session [4a1771f0-1258-11e4-ac42-f75ba5987620] - Session.negotiatedCapabilities - {"browserName":"phantomjs","version":"1.9.7","driverName":"ghostdriver","driverVersion":"1.1.0","platform":"linux-unknown-64bit","javascriptEnabled":true,"takesScreenshot":true,"handlesAlerts":false,"databaseEnabled":false,"locationContextEnabled":false,"applicationCacheEnabled":false,"browserConnectionEnabled":false,"cssSelectorsEnabled":true,"webStorageEnabled":false,"rotatable":false,"acceptSslCerts":false,"nativeEvents":true,"proxy":{"proxyType":"direct"}}
[INFO  - 2014-07-23T10:58:33.749Z] SessionManagerReqHand - _postNewSessionCommand - New Session Created: 4a1771f0-1258-11e4-ac42-f75ba5987620
[INFO  - 2014-07-23T10:59:35.761Z] GhostDriver - Main - running on port 23126
[INFO  - 2014-07-23T10:59:36.107Z] Session [6f42ac60-1258-11e4-b45a-91cd20af3ae2] - page.settings - {"XSSAuditingEnabled":false,"javascriptCanCloseWindows":true,"javascriptCanOpenWindows":true,"javascriptEnabled":true,"loadImages":true,"localToRemoteUrlAccessEnabled":false,"userAgent":"Mozilla/5.0 (Unknown; Linux x86_64) AppleWebKit/534.34 (KHTML, like Gecko) PhantomJS/1.9.7 Safari/534.34","webSecurityEnabled":true}
[INFO  - 2014-07-23T10:59:36.107Z] Session [6f42ac60-1258-11e4-b45a-91cd20af3ae2] - page.customHeaders:  - {}
[INFO  - 2014-07-23T10:59:36.107Z] Session [6f42ac60-1258-11e4-b45a-91cd20af3ae2] - Session.negotiatedCapabilities - {"browserName":"phantomjs","version":"1.9.7","driverName":"ghostdriver","driverVersion":"1.1.0","platform":"linux-unknown-64bit","javascriptEnabled":true,"takesScreenshot":true,"handlesAlerts":false,"databaseEnabled":false,"locationContextEnabled":false,"applicationCacheEnabled":false,"browserConnectionEnabled":false,"cssSelectorsEnabled":true,"webStorageEnabled":false,"rotatable":false,"acceptSslCerts":false,"nativeEvents":true,"proxy":{"proxyType":"direct"}}
[INFO  - 2014-07-23T10:59:36.108Z] SessionManagerReqHand - _postNewSessionCommand - New Session Created: 6f42ac60-1258-11e4-b45a-91cd20af3ae2
[INFO  - 2014-07-23T11:00:01.221Z] ShutdownReqHand - _handle - About to shutdown
[INFO  - 2014-07-23T11:03:33.427Z] SessionManagerReqHand - _cleanupWindowlessSessions - Asynchronous Sessions clean-up phase starting NOW
[INFO  - 2014-07-23T11:05:22.062Z] GhostDriver - Main - running on port 20650
[INFO  - 2014-07-23T11:05:22.398Z] Session [3daa5580-1259-11e4-9904-476bb352b087] - page.settings - {"XSSAuditingEnabled":false,"javascriptCanCloseWindows":true,"javascriptCanOpenWindows":true,"javascriptEnabled":true,"loadImages":true,"localToRemoteUrlAccessEnabled":false,"userAgent":"Mozilla/5.0 (Unknown; Linux x86_64) AppleWebKit/534.34 (KHTML, like Gecko) PhantomJS/1.9.7 Safari/534.34","webSecurityEnabled":true}
[INFO  - 2014-07-23T11:05:22.398Z] Session [3daa5580-1259-11e4-9904-476bb352b087] - page.customHeaders:  - {}
[INFO  - 2014-07-23T11:05:22.399Z] Session [3daa5580-1259-11e4-9904-476bb352b087] - Session.negotiatedCapabilities - {"browserName":"phantomjs","version":"1.9.7","driverName":"ghostdriver","driverVersion":"1.1.0","platform":"linux-unknown-64bit","javascriptEnabled":true,"takesScreenshot":true,"handlesAlerts":false,"databaseEnabled":false,"locationContextEnabled":false,"applicationCacheEnabled":false,"browserConnectionEnabled":false,"cssSelectorsEnabled":true,"webStorageEnabled":false,"rotatable":false,"acceptSslCerts":false,"nativeEvents":true,"proxy":{"proxyType":"direct"}}
[INFO  - 2014-07-23T11:05:22.399Z] SessionManagerReqHand - _postNewSessionCommand - New Session Created: 3daa5580-1259-11e4-9904-476bb352b087
[INFO  - 2014-07-23T11:05:47.368Z] ShutdownReqHand - _handle - About to shutdown
[INFO  - 2014-07-23T11:08:33.526Z] SessionManagerReqHand - _cleanupWindowlessSessions - Asynchronous Sessions clean-up phase starting NOW
[INFO  - 2014-07-23T11:09:44.707Z] GhostDriver - Main - running on port 2901
[INFO  - 2014-07-23T11:09:45.048Z] Session [da378b20-1259-11e4-81c6-3f037d50795d] - page.settings - {"XSSAuditingEnabled":false,"javascriptCanCloseWindows":true,"javascriptCanOpenWindows":true,"javascriptEnabled":true,"loadImages":true,"localToRemoteUrlAccessEnabled":false,"userAgent":"Mozilla/5.0 (Unknown; Linux x86_64) AppleWebKit/534.34 (KHTML, like Gecko) PhantomJS/1.9.7 Safari/534.34","webSecurityEnabled":true}
[INFO  - 2014-07-23T11:09:45.048Z] Session [da378b20-1259-11e4-81c6-3f037d50795d] - page.customHeaders:  - {}
[INFO  - 2014-07-23T11:09:45.048Z] Session [da378b20-1259-11e4-81c6-3f037d50795d] - Session.negotiatedCapabilities - {"browserName":"phantomjs","version":"1.9.7","driverName":"ghostdriver","driverVersion":"1.1.0","platform":"linux-unknown-64bit","javascriptEnabled":true,"takesScreenshot":true,"handlesAlerts":false,"databaseEnabled":false,"locationContextEnabled":false,"applicationCacheEnabled":false,"browserConnectionEnabled":false,"cssSelectorsEnabled":true,"webStorageEnabled":false,"rotatable":false,"acceptSslCerts":false,"nativeEvents":true,"proxy":{"proxyType":"direct"}}
[INFO  - 2014-07-23T11:09:45.049Z] SessionManagerReqHand - _postNewSessionCommand - New Session Created: da378b20-1259-11e4-81c6-3f037d50795d
[INFO  - 2014-07-23T11:09:50.909Z] ShutdownReqHand - _handle - About to shutdown
[INFO  - 2014-07-23T11:14:33.447Z] GhostDriver - Main - running on port 2179
[INFO  - 2014-07-23T11:14:33.847Z] Session [865ac610-125a-11e4-bdcf-f9ce0645d392] - page.settings - {"XSSAuditingEnabled":false,"javascriptCanCloseWindows":true,"javascriptCanOpenWindows":true,"javascriptEnabled":true,"loadImages":true,"localToRemoteUrlAccessEnabled":false,"userAgent":"Mozilla/5.0 (Unknown; Linux x86_64) AppleWebKit/534.34 (KHTML, like Gecko) PhantomJS/1.9.7 Safari/534.34","webSecurityEnabled":true}
[INFO  - 2014-07-23T11:14:33.847Z] Session [865ac610-125a-11e4-bdcf-f9ce0645d392] - page.customHeaders:  - {}
[INFO  - 2014-07-23T11:14:33.847Z] Session [865ac610-125a-11e4-bdcf-f9ce0645d392] - Session.negotiatedCapabilities - {"browserName":"phantomjs","version":"1.9.7","driverName":"ghostdriver","driverVersion":"1.1.0","platform":"linux-unknown-64bit","javascriptEnabled":true,"takesScreenshot":true,"handlesAlerts":false,"databaseEnabled":false,"locationContextEnabled":false,"applicationCacheEnabled":false,"browserConnectionEnabled":false,"cssSelectorsEnabled":true,"webStorageEnabled":false,"rotatable":false,"acceptSslCerts":false,"nativeEvents":true,"proxy":{"proxyType":"direct"}}
[INFO  - 2014-07-23T11:14:33.847Z] SessionManagerReqHand - _postNewSessionCommand - New Session Created: 865ac610-125a-11e4-bdcf-f9ce0645d392
[INFO  - 2014-07-23T11:14:39.730Z] ShutdownReqHand - _handle - About to shutdown
[INFO  - 2014-07-23T11:24:43.606Z] GhostDriver - Main - running on port 20899
[INFO  - 2014-07-23T11:24:44.000Z] Session [f208bba0-125b-11e4-9d6d-2764eae0720a] - page.settings - {"XSSAuditingEnabled":false,"javascriptCanCloseWindows":true,"javascriptCanOpenWindows":true,"javascriptEnabled":true,"loadImages":true,"localToRemoteUrlAccessEnabled":false,"userAgent":"Mozilla/5.0 (Unknown; Linux x86_64) AppleWebKit/534.34 (KHTML, like Gecko) PhantomJS/1.9.7 Safari/534.34","webSecurityEnabled":true}
[INFO  - 2014-07-23T11:24:44.000Z] Session [f208bba0-125b-11e4-9d6d-2764eae0720a] - page.customHeaders:  - {}
[INFO  - 2014-07-23T11:24:44.000Z] Session [f208bba0-125b-11e4-9d6d-2764eae0720a] - Session.negotiatedCapabilities - {"browserName":"phantomjs","version":"1.9.7","driverName":"ghostdriver","driverVersion":"1.1.0","platform":"linux-unknown-64bit","javascriptEnabled":true,"takesScreenshot":true,"handlesAlerts":false,"databaseEnabled":false,"locationContextEnabled":false,"applicationCacheEnabled":false,"browserConnectionEnabled":false,"cssSelectorsEnabled":true,"webStorageEnabled":false,"rotatable":false,"acceptSslCerts":false,"nativeEvents":true,"proxy":{"proxyType":"direct"}}
[INFO  - 2014-07-23T11:24:44.000Z] SessionManagerReqHand - _postNewSessionCommand - New Session Created: f208bba0-125b-11e4-9d6d-2764eae0720a
[INFO  - 2014-07-23T11:25:02.346Z] ShutdownReqHand - _handle - About to shutdown
[INFO  - 2014-07-23T11:40:57.382Z] GhostDriver - Main - running on port 21830
[INFO  - 2014-07-23T11:40:57.509Z] Session [364ab910-125e-11e4-be23-fbe1193e6f46] - page.settings - {"XSSAuditingEnabled":false,"javascriptCanCloseWindows":true,"javascriptCanOpenWindows":true,"javascriptEnabled":true,"loadImages":true,"localToRemoteUrlAccessEnabled":false,"userAgent":"Mozilla/5.0 (Unknown; Linux x86_64) AppleWebKit/534.34 (KHTML, like Gecko) PhantomJS/1.9.7 Safari/534.34","webSecurityEnabled":true}
[INFO  - 2014-07-23T11:40:57.509Z] Session [364ab910-125e-11e4-be23-fbe1193e6f46] - page.customHeaders:  - {}
[INFO  - 2014-07-23T11:40:57.509Z] Session [364ab910-125e-11e4-be23-fbe1193e6f46] - Session.negotiatedCapabilities - {"browserName":"phantomjs","version":"1.9.7","driverName":"ghostdriver","driverVersion":"1.1.0","platform":"linux-unknown-64bit","javascriptEnabled":true,"takesScreenshot":true,"handlesAlerts":false,"databaseEnabled":false,"locationContextEnabled":false,"applicationCacheEnabled":false,"browserConnectionEnabled":false,"cssSelectorsEnabled":true,"webStorageEnabled":false,"rotatable":false,"acceptSslCerts":false,"nativeEvents":true,"proxy":{"proxyType":"direct"}}
[INFO  - 2014-07-23T11:40:57.509Z] SessionManagerReqHand - _postNewSessionCommand - New Session Created: 364ab910-125e-11e4-be23-fbe1193e6f46
[INFO  - 2014-07-23T11:41:12.627Z] ShutdownReqHand - _handle - About to shutdown
[INFO  - 2014-07-23T11:47:11.220Z] GhostDriver - Main - running on port 30655
[INFO  - 2014-07-23T11:47:11.629Z] Session [15490ea0-125f-11e4-86a2-398319e8e397] - page.settings - {"XSSAuditingEnabled":false,"javascriptCanCloseWindows":true,"javascriptCanOpenWindows":true,"javascriptEnabled":true,"loadImages":true,"localToRemoteUrlAccessEnabled":false,"userAgent":"Mozilla/5.0 (Unknown; Linux x86_64) AppleWebKit/534.34 (KHTML, like Gecko) PhantomJS/1.9.7 Safari/534.34","webSecurityEnabled":true}
[INFO  - 2014-07-23T11:47:11.629Z] Session [15490ea0-125f-11e4-86a2-398319e8e397] - page.customHeaders:  - {}
[INFO  - 2014-07-23T11:47:11.629Z] Session [15490ea0-125f-11e4-86a2-398319e8e397] - Session.negotiatedCapabilities - {"browserName":"phantomjs","version":"1.9.7","driverName":"ghostdriver","driverVersion":"1.1.0","platform":"linux-unknown-64bit","javascriptEnabled":true,"takesScreenshot":true,"handlesAlerts":false,"databaseEnabled":false,"locationContextEnabled":false,"applicationCacheEnabled":false,"browserConnectionEnabled":false,"cssSelectorsEnabled":true,"webStorageEnabled":false,"rotatable":false,"acceptSslCerts":false,"nativeEvents":true,"proxy":{"proxyType":"direct"}}
[INFO  - 2014-07-23T11:47:11.629Z] SessionManagerReqHand - _postNewSessionCommand - New Session Created: 15490ea0-125f-11e4-86a2-398319e8e397
[INFO  - 2014-07-23T11:47:26.597Z] ShutdownReqHand - _handle - About to shutdown
[INFO  - 2014-07-23T11:49:09.863Z] GhostDriver - Main - running on port 27579
[INFO  - 2014-07-23T11:49:10.260Z] Session [5bfeb610-125f-11e4-bb95-416504bcb3e0] - page.settings - {"XSSAuditingEnabled":false,"javascriptCanCloseWindows":true,"javascriptCanOpenWindows":true,"javascriptEnabled":true,"loadImages":true,"localToRemoteUrlAccessEnabled":false,"userAgent":"Mozilla/5.0 (Unknown; Linux x86_64) AppleWebKit/534.34 (KHTML, like Gecko) PhantomJS/1.9.7 Safari/534.34","webSecurityEnabled":true}
[INFO  - 2014-07-23T11:49:10.260Z] Session [5bfeb610-125f-11e4-bb95-416504bcb3e0] - page.customHeaders:  - {}
[INFO  - 2014-07-23T11:49:10.260Z] Session [5bfeb610-125f-11e4-bb95-416504bcb3e0] - Session.negotiatedCapabilities - {"browserName":"phantomjs","version":"1.9.7","driverName":"ghostdriver","driverVersion":"1.1.0","platform":"linux-unknown-64bit","javascriptEnabled":true,"takesScreenshot":true,"handlesAlerts":false,"databaseEnabled":false,"locationContextEnabled":false,"applicationCacheEnabled":false,"browserConnectionEnabled":false,"cssSelectorsEnabled":true,"webStorageEnabled":false,"rotatable":false,"acceptSslCerts":false,"nativeEvents":true,"proxy":{"proxyType":"direct"}}
[INFO  - 2014-07-23T11:49:10.260Z] SessionManagerReqHand - _postNewSessionCommand - New Session Created: 5bfeb610-125f-11e4-bb95-416504bcb3e0
[INFO  - 2014-07-23T11:49:28.370Z] ShutdownReqHand - _handle - About to shutdown
[INFO  - 2014-07-23T12:00:13.308Z] GhostDriver - Main - running on port 10554
[INFO  - 2014-07-23T12:00:13.733Z] Session [e774a820-1260-11e4-9605-632af65c8b5a] - page.settings - {"XSSAuditingEnabled":false,"javascriptCanCloseWindows":true,"javascriptCanOpenWindows":true,"javascriptEnabled":true,"loadImages":true,"localToRemoteUrlAccessEnabled":false,"userAgent":"Mozilla/5.0 (Unknown; Linux x86_64) AppleWebKit/534.34 (KHTML, like Gecko) PhantomJS/1.9.7 Safari/534.34","webSecurityEnabled":true}
[INFO  - 2014-07-23T12:00:13.733Z] Session [e774a820-1260-11e4-9605-632af65c8b5a] - page.customHeaders:  - {}
[INFO  - 2014-07-23T12:00:13.733Z] Session [e774a820-1260-11e4-9605-632af65c8b5a] - Session.negotiatedCapabilities - {"browserName":"phantomjs","version":"1.9.7","driverName":"ghostdriver","driverVersion":"1.1.0","platform":"linux-unknown-64bit","javascriptEnabled":true,"takesScreenshot":true,"handlesAlerts":false,"databaseEnabled":false,"locationContextEnabled":false,"applicationCacheEnabled":false,"browserConnectionEnabled":false,"cssSelectorsEnabled":true,"webStorageEnabled":false,"rotatable":false,"acceptSslCerts":false,"nativeEvents":true,"proxy":{"proxyType":"direct"}}
[INFO  - 2014-07-23T12:00:13.733Z] SessionManagerReqHand - _postNewSessionCommand - New Session Created: e774a820-1260-11e4-9605-632af65c8b5a
[INFO  - 2014-07-23T12:01:02.807Z] ShutdownReqHand - _handle - About to shutdown
